2026-01-17 23:41:27,989 [INFO]    RMSE: 0.143 | MAE: 0.048 | R²: 0.962
2026-01-17 23:41:30,075 [INFO]    RMSE: 0.124 | MAE: 0.040 | R²: 0.971
2026-01-17 23:41:30,461 [INFO]    RMSE: 0.187 | MAE: 0.129 | R²: 0.935
2026-01-17 23:41:30,491 [INFO]    RMSE: 0.388 | MAE: 0.312 | R²: 0.720
2026-01-17 23:41:30,494 [INFO] Model: GradientBoosting
2026-01-17 23:41:30,494 [INFO] RMSE : 0.124
2026-01-17 23:41:30,494 [INFO] R²   : 0.971
2026-01-17 23:43:55,946 [INFO]    RMSE: 0.143 | MAE: 0.048 | R²: 0.962
2026-01-17 23:43:57,933 [INFO]    RMSE: 0.124 | MAE: 0.040 | R²: 0.971
2026-01-17 23:43:58,318 [INFO]    RMSE: 0.187 | MAE: 0.129 | R²: 0.935
2026-01-17 23:43:58,333 [INFO]    RMSE: 0.388 | MAE: 0.312 | R²: 0.720
2026-01-17 23:43:58,335 [INFO] Model: GradientBoosting
2026-01-17 23:43:58,336 [INFO] RMSE : 0.124
2026-01-17 23:43:58,336 [INFO] R²   : 0.971
2026-01-17 23:43:58,352 [INFO] TRAINING PIPELINE COMPLETE
2026-01-17 23:49:20,062 [INFO]  Connected to MongoDB
2026-01-17 23:49:20,114 [INFO]  Loaded training data: (2136, 20)
2026-01-17 23:49:20,119 [INFO]  Train-test split complete
2026-01-17 23:49:20,119 [INFO]  TimeSeriesSplit prepared for robust evaluation
2026-01-17 23:49:20,120 [INFO]  Training models...

2026-01-17 23:49:20,681 [INFO]    RMSE: 0.143 | MAE: 0.048 | R²: 0.962
2026-01-17 23:49:22,691 [INFO]    RMSE: 0.124 | MAE: 0.040 | R²: 0.971
2026-01-17 23:49:23,076 [INFO]    RMSE: 0.187 | MAE: 0.129 | R²: 0.935
2026-01-17 23:49:23,087 [INFO]    RMSE: 0.388 | MAE: 0.312 | R²: 0.720
2026-01-17 23:49:23,090 [INFO] Model: GradientBoosting
2026-01-17 23:49:23,090 [INFO] RMSE : 0.124
2026-01-17 23:49:23,091 [INFO] R²   : 0.971
2026-01-17 23:49:23,124 [INFO] TRAINING PIPELINE COMPLETE
